[2019-05-03 01:39:23.516469]: Node starting, version: 20.0
[2019-05-03 01:39:23.516649]: Work pool running 1 threads
[2019-05-03 01:39:23.516906]: Node ID: nano_33ysgfgxk7krxm3u81o7jmg7pwu5jmcthowggb6itq1zdb8947a38z3a9eif
[2019-05-03 01:39:23.517034]: Starting bootstrap attempt
[2019-05-03 01:39:23.517155]: Bootstrap stopped because there are no peers
[2019-05-03 01:39:23.517187]: IPC: server started
[2019-05-03 01:39:23.517226]: Exiting bootstrap attempt
[2019-05-03 01:39:28.517339]: Starting bootstrap attempt
[2019-05-03 01:39:28.517504]: Bootstrap stopped because there are no peers
[2019-05-03 01:39:28.548052]: Bootstrap stopped because there are no peers
[2019-05-03 01:39:28.548097]: Exiting bootstrap attempt
[2019-05-03 01:39:33.517538]: Starting bootstrap attempt
[2019-05-03 01:39:33.517706]: Bootstrap stopped because there are no peers
[2019-05-03 01:39:33.517758]: Exiting bootstrap attempt
[2019-05-03 01:39:35.835773]: 0x55ba781fae70 {"action":"wallet_create"}
[2019-05-03 01:39:35.882827]: RPC request 0x55ba781fae70 completed in: 47077 microseconds
[2019-05-03 01:39:36.520193]: Beginning pending block search
[2019-05-03 01:39:37.520515]: Beginning pending block search
[2019-05-03 01:39:38.517736]: Starting bootstrap attempt
[2019-05-03 01:39:38.517885]: Bootstrap stopped because there are no peers
[2019-05-03 01:39:38.517938]: Exiting bootstrap attempt
[2019-05-03 01:39:39.521045]: Beginning pending block search
[2019-05-03 01:39:40.521272]: Beginning pending block search
[2019-05-03 01:39:41.521561]: Beginning pending block search
[2019-05-03 01:39:42.521890]: Beginning pending block search
[2019-05-03 01:39:43.517892]: Starting bootstrap attempt
[2019-05-03 01:39:43.518023]: Bootstrap stopped because there are no peers
[2019-05-03 01:39:43.518073]: Exiting bootstrap attempt
[2019-05-03 01:39:44.522324]: Beginning pending block search
[2019-05-03 01:39:45.522652]: Beginning pending block search
[2019-05-03 01:39:46.522932]: Beginning pending block search
[2019-05-03 01:39:47.523193]: Beginning pending block search
[2019-05-03 01:39:48.518031]: Starting bootstrap attempt
[2019-05-03 01:39:48.518199]: Bootstrap stopped because there are no peers
[2019-05-03 01:39:48.518253]: Exiting bootstrap attempt
[2019-05-03 01:39:48.523360]: Beginning pending block search
[2019-05-03 01:39:49.523679]: Beginning pending block search
[2019-05-03 01:39:50.523943]: Beginning pending block search
[2019-05-03 01:39:51.524278]: Beginning pending block search
[2019-05-03 01:39:52.524523]: Beginning pending block search
[2019-05-03 01:39:53.518199]: Starting bootstrap attempt
[2019-05-03 01:39:53.518338]: Bootstrap stopped because there are no peers
[2019-05-03 01:39:53.518392]: Exiting bootstrap attempt
[2019-05-03 01:39:53.524721]: Beginning pending block search
[2019-05-03 01:39:54.524981]: Beginning pending block search
[2019-05-03 01:39:55.525239]: Beginning pending block search
[2019-05-03 01:39:56.525765]: Beginning pending block search
[2019-05-03 01:39:57.526021]: Beginning pending block search
[2019-05-03 01:39:58.518482]: Starting bootstrap attempt
[2019-05-03 01:39:58.518622]: Bootstrap stopped because there are no peers
[2019-05-03 01:39:58.518675]: Exiting bootstrap attempt
[2019-05-03 01:39:58.526306]: Beginning pending block search
[2019-05-03 01:39:59.526712]: Beginning pending block search
[2019-05-03 01:40:00.527048]: Beginning pending block search
[2019-05-03 01:40:01.527374]: Beginning pending block search
[2019-05-03 01:40:02.527695]: Beginning pending block search
[2019-05-03 01:40:03.518653]: Starting bootstrap attempt
[2019-05-03 01:40:03.518791]: Bootstrap stopped because there are no peers
[2019-05-03 01:40:03.518844]: Exiting bootstrap attempt
[2019-05-03 01:40:03.527978]: Beginning pending block search
[2019-05-03 01:40:04.528270]: Beginning pending block search
[2019-05-03 01:40:05.528556]: Beginning pending block search
[2019-05-03 01:40:06.528799]: Beginning pending block search
[2019-05-03 01:40:07.529081]: Beginning pending block search
[2019-05-03 01:40:08.518823]: Starting bootstrap attempt
[2019-05-03 01:40:08.518976]: Bootstrap stopped because there are no peers
[2019-05-03 01:40:08.519069]: Exiting bootstrap attempt
[2019-05-03 01:40:08.529338]: Beginning pending block search
[2019-05-03 01:40:09.529674]: Beginning pending block search
[2019-05-03 01:40:10.529909]: Beginning pending block search
[2019-05-03 01:40:11.530104]: Beginning pending block search
[2019-05-03 01:40:12.530318]: Beginning pending block search
[2019-05-03 01:40:13.519009]: Starting bootstrap attempt
[2019-05-03 01:40:13.519137]: Bootstrap stopped because there are no peers
[2019-05-03 01:40:13.519200]: Exiting bootstrap attempt
[2019-05-03 01:40:13.530640]: Beginning pending block search
[2019-05-03 01:40:14.530822]: Beginning pending block search
[2019-05-03 01:40:15.531038]: Beginning pending block search
[2019-05-03 01:40:16.531337]: Beginning pending block search
[2019-05-03 01:40:17.531656]: Beginning pending block search
[2019-05-03 01:40:18.519156]: Starting bootstrap attempt
[2019-05-03 01:40:18.519246]: Bootstrap stopped because there are no peers
[2019-05-03 01:40:18.519295]: Exiting bootstrap attempt
[2019-05-03 01:40:18.531902]: Beginning pending block search
[2019-05-03 01:40:19.532205]: Beginning pending block search
[2019-05-03 01:40:20.532524]: Beginning pending block search
[2019-05-03 01:40:21.532798]: Beginning pending block search
[2019-05-03 01:40:22.533095]: Beginning pending block search
[2019-05-03 01:40:23.517384]: Starting bootstrap attempt
[2019-05-03 01:40:23.517531]: Bootstrap stopped because there are no peers
[2019-05-03 01:40:23.517601]: Exiting bootstrap attempt
[2019-05-03 01:40:23.519378]: Starting bootstrap attempt
[2019-05-03 01:40:23.519462]: Exiting bootstrap attempt
[2019-05-03 01:40:23.533403]: Beginning pending block search
[2019-05-03 01:40:24.533698]: Beginning pending block search
[2019-05-03 01:40:25.534000]: Beginning pending block search
[2019-05-03 01:40:26.534315]: Beginning pending block search
[2019-05-03 01:40:27.534644]: Beginning pending block search
[2019-05-03 01:40:28.519577]: Starting bootstrap attempt
[2019-05-03 01:40:28.519752]: Bootstrap stopped because there are no peers
[2019-05-03 01:40:28.519807]: Exiting bootstrap attempt
[2019-05-03 01:40:28.534897]: Beginning pending block search
[2019-05-03 01:40:29.535168]: Beginning pending block search
[2019-05-03 01:40:30.535492]: Beginning pending block search
[2019-05-03 01:40:31.535806]: Beginning pending block search
[2019-05-03 01:40:32.536122]: Beginning pending block search
[2019-05-03 01:40:33.519761]: Starting bootstrap attempt
[2019-05-03 01:40:33.519907]: Bootstrap stopped because there are no peers
[2019-05-03 01:40:33.550468]: Bootstrap stopped because there are no peers
[2019-05-03 01:40:33.536429]: Beginning pending block search
[2019-05-03 01:40:33.550529]: Exiting bootstrap attempt
[2019-05-03 01:40:34.550797]: Beginning pending block search
[2019-05-03 01:40:35.551079]: Beginning pending block search
[2019-05-03 01:40:36.551344]: Beginning pending block search
[2019-05-03 01:40:37.551603]: Beginning pending block search
[2019-05-03 01:40:38.519936]: Starting bootstrap attempt
[2019-05-03 01:40:38.520069]: Bootstrap stopped because there are no peers
[2019-05-03 01:40:38.520132]: Exiting bootstrap attempt
[2019-05-03 01:40:38.551844]: Beginning pending block search
[2019-05-03 01:40:39.552084]: Beginning pending block search
[2019-05-03 01:40:40.552383]: Beginning pending block search
[2019-05-03 01:40:41.552705]: Beginning pending block search
[2019-05-03 01:40:42.553011]: Beginning pending block search
[2019-05-03 01:40:43.520095]: Starting bootstrap attempt
[2019-05-03 01:40:43.520224]: Bootstrap stopped because there are no peers
[2019-05-03 01:40:43.520291]: Exiting bootstrap attempt
[2019-05-03 01:40:43.553324]: Beginning pending block search
[2019-05-03 01:40:44.553576]: Beginning pending block search
[2019-05-03 01:40:45.553814]: Beginning pending block search
[2019-05-03 01:40:46.554129]: Beginning pending block search
[2019-05-03 01:40:47.554407]: Beginning pending block search
[2019-05-03 01:40:48.520289]: Starting bootstrap attempt
[2019-05-03 01:40:48.520459]: Bootstrap stopped because there are no peers
[2019-05-03 01:40:48.520508]: Exiting bootstrap attempt
[2019-05-03 01:40:48.554695]: Beginning pending block search
[2019-05-03 01:40:49.554971]: Beginning pending block search
[2019-05-03 01:40:50.555277]: Beginning pending block search
[2019-05-03 01:40:51.555628]: Beginning pending block search
[2019-05-03 01:40:52.555900]: Beginning pending block search
[2019-05-03 01:40:53.520455]: Starting bootstrap attempt
[2019-05-03 01:40:53.520615]: Bootstrap stopped because there are no peers
[2019-05-03 01:40:53.520670]: Exiting bootstrap attempt
[2019-05-03 01:40:53.556172]: Beginning pending block search
[2019-05-03 01:40:54.556468]: Beginning pending block search
[2019-05-03 01:40:55.556813]: Beginning pending block search
[2019-05-03 01:40:56.557132]: Beginning pending block search
[2019-05-03 01:40:57.557404]: Beginning pending block search
[2019-05-03 01:40:58.520609]: Starting bootstrap attempt
[2019-05-03 01:40:58.520757]: Bootstrap stopped because there are no peers
[2019-05-03 01:40:58.520812]: Exiting bootstrap attempt
[2019-05-03 01:40:58.557710]: Beginning pending block search
[2019-05-03 01:40:59.558009]: Beginning pending block search
[2019-05-03 01:41:00.558247]: Beginning pending block search
[2019-05-03 01:41:01.558538]: Beginning pending block search
[2019-05-03 01:41:02.558815]: Beginning pending block search
[2019-05-03 01:41:03.520806]: Starting bootstrap attempt
[2019-05-03 01:41:03.520942]: Bootstrap stopped because there are no peers
[2019-05-03 01:41:03.521007]: Exiting bootstrap attempt
[2019-05-03 01:41:03.559132]: Beginning pending block search
[2019-05-03 01:41:04.559433]: Beginning pending block search
[2019-05-03 01:41:05.559759]: Beginning pending block search
[2019-05-03 01:41:06.560071]: Beginning pending block search
[2019-05-03 01:41:07.560331]: Beginning pending block search
[2019-05-03 01:41:08.520945]: Starting bootstrap attempt
[2019-05-03 01:41:08.521088]: Bootstrap stopped because there are no peers
[2019-05-03 01:41:08.521140]: Exiting bootstrap attempt
[2019-05-03 01:41:08.560620]: Beginning pending block search
[2019-05-03 01:41:09.560869]: Beginning pending block search
[2019-05-03 01:41:10.561197]: Beginning pending block search
[2019-05-03 01:41:11.561434]: Beginning pending block search
[2019-05-03 01:41:12.561639]: Beginning pending block search
[2019-05-03 01:41:13.521121]: Starting bootstrap attempt
[2019-05-03 01:41:13.521243]: Bootstrap stopped because there are no peers
[2019-05-03 01:41:13.521278]: Exiting bootstrap attempt
[2019-05-03 01:41:13.561940]: Beginning pending block search
[2019-05-03 01:41:14.562155]: Beginning pending block search
[2019-05-03 01:41:15.562447]: Beginning pending block search
[2019-05-03 01:41:16.562790]: Beginning pending block search
[2019-05-03 01:41:17.563121]: Beginning pending block search
[2019-05-03 01:41:18.521282]: Starting bootstrap attempt
[2019-05-03 01:41:18.521418]: Bootstrap stopped because there are no peers
[2019-05-03 01:41:18.521483]: Exiting bootstrap attempt
[2019-05-03 01:41:18.563357]: Beginning pending block search
[2019-05-03 01:41:19.563632]: Beginning pending block search
[2019-05-03 01:41:20.563884]: Beginning pending block search
[2019-05-03 01:41:21.564141]: Beginning pending block search
[2019-05-03 01:41:22.564418]: Beginning pending block search
[2019-05-03 01:41:23.521497]: Starting bootstrap attempt
[2019-05-03 01:41:23.521642]: Bootstrap stopped because there are no peers
[2019-05-03 01:41:23.521699]: Exiting bootstrap attempt
[2019-05-03 01:41:23.564741]: Beginning pending block search
[2019-05-03 01:41:24.565047]: Beginning pending block search
[2019-05-03 01:41:25.565320]: Beginning pending block search
[2019-05-03 01:41:26.565648]: Beginning pending block search
[2019-05-03 01:41:27.565920]: Beginning pending block search
[2019-05-03 01:41:28.521671]: Starting bootstrap attempt
[2019-05-03 01:41:28.521823]: Bootstrap stopped because there are no peers
[2019-05-03 01:41:28.521873]: Exiting bootstrap attempt
[2019-05-03 01:41:28.566242]: Beginning pending block search
[2019-05-03 01:41:29.566548]: Beginning pending block search
[2019-05-03 01:41:30.566806]: Beginning pending block search
[2019-05-03 01:41:31.567080]: Beginning pending block search
[2019-05-03 01:41:32.567402]: Beginning pending block search
[2019-05-03 01:41:33.521887]: Starting bootstrap attempt
[2019-05-03 01:41:33.521984]: Bootstrap stopped because there are no peers
[2019-05-03 01:41:33.522028]: Exiting bootstrap attempt
[2019-05-03 01:41:33.567733]: Beginning pending block search
[2019-05-03 01:41:34.567954]: Beginning pending block search
[2019-05-03 01:41:35.568253]: Beginning pending block search
[2019-05-03 01:41:36.568692]: Beginning pending block search
[2019-05-03 01:41:37.568962]: Beginning pending block search
[2019-05-03 01:41:38.522117]: Starting bootstrap attempt
[2019-05-03 01:41:38.522213]: Bootstrap stopped because there are no peers
[2019-05-03 01:41:38.522260]: Exiting bootstrap attempt
[2019-05-03 01:41:38.569269]: Beginning pending block search
[2019-05-03 01:41:39.569568]: Beginning pending block search
[2019-05-03 01:41:40.569808]: Beginning pending block search
[2019-05-03 01:41:41.570133]: Beginning pending block search
[2019-05-03 01:41:42.570399]: Beginning pending block search
[2019-05-03 01:41:43.522336]: Starting bootstrap attempt
[2019-05-03 01:41:43.522470]: Bootstrap stopped because there are no peers
[2019-05-03 01:41:43.522522]: Exiting bootstrap attempt
[2019-05-03 01:41:43.570740]: Beginning pending block search
[2019-05-03 01:41:44.571130]: Beginning pending block search
[2019-05-03 01:41:45.571442]: Beginning pending block search
[2019-05-03 01:41:46.571769]: Beginning pending block search
[2019-05-03 01:41:47.572076]: Beginning pending block search
[2019-05-03 01:41:48.522618]: Starting bootstrap attempt
[2019-05-03 01:41:48.522770]: Bootstrap stopped because there are no peers
[2019-05-03 01:41:48.522828]: Exiting bootstrap attempt
[2019-05-03 01:41:48.572387]: Beginning pending block search
[2019-05-03 01:41:49.572782]: Beginning pending block search
[2019-05-03 01:41:50.573084]: Beginning pending block search
[2019-05-03 01:41:51.573395]: Beginning pending block search
[2019-05-03 01:41:52.573709]: Beginning pending block search
[2019-05-03 01:41:53.522835]: Starting bootstrap attempt
[2019-05-03 01:41:53.522988]: Bootstrap stopped because there are no peers
[2019-05-03 01:41:53.523038]: Exiting bootstrap attempt
[2019-05-03 01:41:53.574014]: Beginning pending block search
[2019-05-03 01:41:54.574209]: Beginning pending block search
[2019-05-03 01:41:55.574531]: Beginning pending block search
[2019-05-03 01:41:56.574807]: Beginning pending block search
[2019-05-03 01:41:57.575119]: Beginning pending block search
[2019-05-03 01:41:58.523057]: Starting bootstrap attempt
[2019-05-03 01:41:58.523214]: Bootstrap stopped because there are no peers
[2019-05-03 01:41:58.523265]: Exiting bootstrap attempt
[2019-05-03 01:41:58.575433]: Beginning pending block search
[2019-05-03 01:41:59.575695]: Beginning pending block search
[2019-05-03 01:42:00.575961]: Beginning pending block search
[2019-05-03 01:42:01.576283]: Beginning pending block search
[2019-05-03 01:42:02.576623]: Beginning pending block search
[2019-05-03 01:42:03.523319]: Starting bootstrap attempt
[2019-05-03 01:42:03.523412]: Bootstrap stopped because there are no peers
[2019-05-03 01:42:03.523459]: Exiting bootstrap attempt
[2019-05-03 01:42:03.576883]: Beginning pending block search
[2019-05-03 01:42:04.577179]: Beginning pending block search
[2019-05-03 01:42:05.577447]: Beginning pending block search
[2019-05-03 01:42:06.577767]: Beginning pending block search
[2019-05-03 01:42:07.578083]: Beginning pending block search
[2019-05-03 01:42:08.523582]: Starting bootstrap attempt
[2019-05-03 01:42:08.523737]: Bootstrap stopped because there are no peers
[2019-05-03 01:42:08.523792]: Exiting bootstrap attempt
[2019-05-03 01:42:08.578395]: Beginning pending block search
